<?xml version="1.0" encoding="UTF-8"?>
<testsuite name="example.micronaut.GreetingControllerPostTest" tests="1" skipped="0" failures="0" errors="0" timestamp="2024-04-05T09:58:39" hostname="M08337-01.local" time="0.247">
  <properties/>
  <testcase name="postWithRequestBodyAndPostMappingWorks()" classname="example.micronaut.GreetingControllerPostTest" time="0.247"/>
  <system-out><![CDATA[?[36m11:58:39.442?[0;39m ?[1;30m[Test worker]?[0;39m ?[34mINFO ?[0;39m ?[35mi.m.c.DefaultApplicationContext$RuntimeConfiguredEnvironment?[0;39m - Established active environments: [test]
]]></system-out>
  <system-err><![CDATA[]]></system-err>
</testsuite>
