<?xml version="1.0" encoding="UTF-8"?>
<testsuite name="example.micronaut.ExceptionHandlerSpec" tests="1" skipped="0" failures="0" errors="0" timestamp="2024-04-25T13:34:23" hostname="M08337-01.local" time="0.047">
  <properties/>
  <testcase name="test OutOfStockException is handled by ExceptionHandler" classname="example.micronaut.ExceptionHandlerSpec" time="0.047"/>
  <system-out><![CDATA[]]></system-out>
  <system-err><![CDATA[]]></system-err>
</testsuite>
