<?xml version="1.0" encoding="UTF-8"?>
<testsuite name="example.micronaut.DefaultSpec" tests="1" skipped="0" failures="0" errors="0" timestamp="2024-04-25T13:34:23" hostname="M08337-01.local" time="0.002">
  <properties/>
  <testcase name="test it works" classname="example.micronaut.DefaultSpec" time="0.002"/>
  <system-out><![CDATA[?[36m15:34:23.697?[0;39m ?[1;30m[Test worker]?[0;39m ?[34mINFO ?[0;39m ?[35mi.m.c.DefaultApplicationContext$RuntimeConfiguredEnvironment?[0;39m - Established active environments: [test]
]]></system-out>
  <system-err><![CDATA[]]></system-err>
</testsuite>
