<?xml version="1.0" encoding="UTF-8"?>
<testsuite name="example.micronaut.MessageServiceTest" tests="1" skipped="0" failures="0" errors="0" timestamp="2024-04-03T19:38:02" hostname="M08337-01.local" time="0.05">
  <properties/>
  <testcase name="testValidationWithNull()" classname="example.micronaut.MessageServiceTest" time="0.05"/>
  <system-out><![CDATA[?[36m21:38:02.331?[0;39m ?[1;30m[Test worker]?[0;39m ?[34mINFO ?[0;39m ?[35mi.m.c.DefaultApplicationContext$RuntimeConfiguredEnvironment?[0;39m - Established active environments: [test]
]]></system-out>
  <system-err><![CDATA[]]></system-err>
</testsuite>
