<?xml version="1.0" encoding="UTF-8"?>
<testsuite name="example.micronaut.TeamConfigurationTest" tests="1" skipped="0" failures="0" errors="0" timestamp="2024-04-08T09:22:37" hostname="M08337-01.local" time="0.298">
  <properties/>
  <testcase name="testTeamConfiguration()" classname="example.micronaut.TeamConfigurationTest" time="0.298"/>
  <system-out><![CDATA[?[36m11:22:37.328?[0;39m ?[1;30m[Test worker]?[0;39m ?[34mINFO ?[0;39m ?[35mi.m.c.DefaultApplicationContext$RuntimeConfiguredEnvironment?[0;39m - Established active environments: [test]
]]></system-out>
  <system-err><![CDATA[]]></system-err>
</testsuite>
